<?xml version="1.0" encoding="UTF-8"?>
<!-- Generated by org.testng.reporters.JUnitXMLReporter -->
<testsuite ignored="0" hostname="TYSS-Chaithra" failures="0" tests="1" name="Test-Edge" time="33.155" errors="0" timestamp="2023-12-21T18:45:18 IST">
  <testcase classname="contactsTests.CreateContactTest" name="createContactWithMandatoryFields" time="19.083"/>
</testsuite> <!-- Test-Edge -->
