<?xml version="1.0" encoding="UTF-8"?>
<!-- Generated by org.testng.reporters.JUnitXMLReporter -->
<testsuite ignored="0" hostname="TYSS-Chaithra" failures="0" tests="1" name="Test-Runner-1" time="46.523" errors="0" timestamp="2023-12-21T17:48:10 IST">
  <testcase classname="contactsTests.CreateContactTest" name="createContactWithMandatoryFields" time="25.956"/>
</testsuite> <!-- Test-Runner-1 -->
