<?xml version="1.0" encoding="UTF-8"?>
<!-- Generated by org.testng.reporters.JUnitXMLReporter -->
<testsuite ignored="0" hostname="TYSS-Chaithra" failures="0" tests="1" name="Test-Runner-2" time="46.632" errors="0" timestamp="2023-12-21T17:48:10 IST">
  <testcase classname="contactsTests.CreateContactWithLeadSourceTest" name="createContactWithLead" time="26.028"/>
</testsuite> <!-- Test-Runner-2 -->
