<?xml version="1.0" encoding="UTF-8"?>
<!-- Generated by org.testng.reporters.JUnitReportReporter -->
<testsuite hostname="TYSS-Chaithra" failures="0" tests="1" name="contactsTests.CreateContactWithLeadSourceTest" time="37.439" errors="0" timestamp="2023-12-27T17:29:05 IST" skipped="0">
  <testcase classname="contactsTests.CreateContactWithLeadSourceTest" name="createContactWithLead" time="37.439"/>
  <system-out/>
</testsuite> <!-- contactsTests.CreateContactWithLeadSourceTest -->
